GROUP,PACKAGE,CLASS,INSTRUCTION_MISSED,INSTRUCTION_COVERED,BRANCH_MISSED,BRANCH_COVERED,LINE_MISSED,LINE_COVERED,COMPLEXITY_MISSED,COMPLEXITY_COVERED,METHOD_MISSED,METHOD_COVERED
CSVeed,org.csveed.common,ColumnIndexKey,6,46,2,4,2,10,2,7,0,6
CSVeed,org.csveed.common,ColumnKey,6,9,0,0,1,2,1,2,1,2
CSVeed,org.csveed.common,Column,14,195,3,9,1,44,3,22,0,19
CSVeed,org.csveed.common,ColumnNameKey,12,39,3,3,3,9,4,5,1,5
CSVeed,org.csveed.common,ColumnExcel,0,41,0,2,0,8,0,3,0,2
CSVeed,org.csveed.row,HeaderImpl,0,116,0,6,0,22,0,9,0,6
CSVeed,org.csveed.row,RowImpl,19,53,3,1,4,12,4,8,2,8
CSVeed,org.csveed.row,RowInstructionsImpl,0,145,0,6,0,40,0,24,0,21
CSVeed,org.csveed.row,LineWithInfo,0,193,0,20,0,48,0,23,0,13
CSVeed,org.csveed.row,RowReaderImpl,8,255,3,37,2,62,3,30,0,13
CSVeed,org.csveed.row,RowWriterImpl,20,266,0,20,2,60,0,26,0,16
CSVeed,org.csveed.row,CellPositionInRow,0,17,0,0,0,7,0,5,0,5
CSVeed,org.csveed.report,AbstractCsvError,0,20,0,0,0,7,0,3,0,3
CSVeed,org.csveed.report,RowPart,0,15,0,0,0,6,0,3,0,3
CSVeed,org.csveed.report,RowReport,0,234,0,26,0,47,0,23,0,10
CSVeed,org.csveed.report,CsvException,42,26,4,2,10,6,5,3,3,2
CSVeed,org.csveed.report,RowError,10,53,0,0,3,9,3,2,3,2
CSVeed,org.csveed.report,GeneralError,6,7,0,0,2,3,2,2,2,2
CSVeed,org.csveed.bean.conversion,PatternConverter,2,25,2,2,0,7,2,4,0,4
CSVeed,org.csveed.bean.conversion,CharacterConverter,43,40,8,8,6,10,7,5,0,4
CSVeed,org.csveed.bean.conversion,BeanWrapper,17,97,1,9,3,21,1,9,0,5
CSVeed,org.csveed.bean.conversion,DefaultConverters,0,232,0,0,0,33,0,4,0,4
CSVeed,org.csveed.bean.conversion,StringConverter,0,8,0,0,0,4,0,3,0,3
CSVeed,org.csveed.bean.conversion,AbstractConverter,0,13,0,0,0,5,0,3,0,3
CSVeed,org.csveed.bean.conversion,EnumConverter,0,15,0,0,0,5,0,3,0,3
CSVeed,org.csveed.bean.conversion,ConversionException,0,18,0,0,0,6,0,3,0,3
CSVeed,org.csveed.bean.conversion,TimeZoneConverter,0,10,0,0,0,4,0,3,0,3
CSVeed,org.csveed.bean.conversion,CustomNumberConverter,11,72,5,11,4,18,5,8,0,5
CSVeed,org.csveed.bean.conversion,CurrencyConverter,1,13,1,1,0,4,1,3,0,3
CSVeed,org.csveed.bean.conversion,CharsetConverter,3,18,3,3,1,5,3,3,0,3
CSVeed,org.csveed.bean.conversion,ConversionUtil,12,58,6,10,4,16,7,6,1,4
CSVeed,org.csveed.bean.conversion,CharArrayConverter,2,18,2,2,0,4,2,3,0,3
CSVeed,org.csveed.bean.conversion,CustomBooleanConverter,76,59,31,11,12,16,20,5,0,4
CSVeed,org.csveed.bean.conversion,BeanPropertyConversionException,0,6,0,0,0,2,0,1,0,1
CSVeed,org.csveed.bean.conversion,ByteArrayConverter,2,18,2,2,0,4,2,3,0,3
CSVeed,org.csveed.bean.conversion,NumberUtils,250,188,59,35,46,41,44,10,3,4
CSVeed,org.csveed.bean.conversion,NoConverterFoundException,0,5,0,0,0,2,0,1,0,1
CSVeed,org.csveed.bean.conversion,EasyAbstractConverter,2,4,0,0,1,2,1,1,1,1
CSVeed,org.csveed.bean.conversion,DateConverter,30,66,8,4,4,13,7,3,1,3
CSVeed,org.csveed.token,ParseState,0,256,0,2,0,28,0,9,0,8
CSVeed,org.csveed.token,TokenState,0,57,0,4,0,7,0,6,0,4
CSVeed,org.csveed.token,EncounteredSymbol,0,135,0,0,0,22,0,6,0,6
CSVeed,org.csveed.token,SymbolMapping,2,334,4,44,0,74,4,38,0,17
CSVeed,org.csveed.token,ParseException,0,40,0,0,0,9,0,5,0,5
CSVeed,org.csveed.token,ParseStateMachine,12,417,3,79,3,109,3,67,0,14
CSVeed,org.csveed.api,CsvClientImpl,82,298,4,6,23,84,12,40,8,39
CSVeed,org.csveed.bean,BeanProperties,26,342,2,22,3,79,2,34,0,24
CSVeed,org.csveed.bean,ColumnNameMapper,0,63,0,0,0,13,0,6,0,6
CSVeed,org.csveed.bean,BeanProperty,10,91,2,4,3,32,3,20,1,19
CSVeed,org.csveed.bean,DynamicColumn,0,86,0,20,0,16,0,17,0,7
CSVeed,org.csveed.bean,BeanWriterImpl,10,137,1,9,2,29,1,11,0,7
CSVeed,org.csveed.bean,BeanInstructionsImpl,0,349,1,17,0,81,1,39,0,31
CSVeed,org.csveed.bean,BeanParser,16,295,2,30,2,64,2,22,0,8
CSVeed,org.csveed.bean,ColumnIndexMapper,0,54,0,2,0,9,0,6,0,5
CSVeed,org.csveed.bean,BeanReaderImpl,22,175,1,13,7,43,3,20,2,14
CSVeed,org.csveed.bean,AbstractMapper,0,218,3,21,0,44,3,15,0,6
